ARM GAS  C:\Users\frepp\AppData\Local\Temp\cch0I3IO.s 			page 1


   1              		.cpu cortex-m3
   2              		.arch armv7-m
   3              		.fpu softvfp
   4              		.eabi_attribute 20, 1
   5              		.eabi_attribute 21, 1
   6              		.eabi_attribute 23, 3
   7              		.eabi_attribute 24, 1
   8              		.eabi_attribute 25, 1
   9              		.eabi_attribute 26, 1
  10              		.eabi_attribute 30, 1
  11              		.eabi_attribute 34, 1
  12              		.eabi_attribute 18, 4
  13              		.file	"main.c"
  14              		.text
  15              	.Ltext0:
  16              		.cfi_sections	.debug_frame
  17              		.section	.text.MX_GPIO_Init,"ax",%progbits
  18              		.align	1
  19              		.syntax unified
  20              		.thumb
  21              		.thumb_func
  23              	MX_GPIO_Init:
  24              	.LFB70:
  25              		.file 1 "Core/Src/main.c"
   1:Core/Src/main.c **** /* USER CODE BEGIN Header */
   2:Core/Src/main.c **** /**
   3:Core/Src/main.c ****   ******************************************************************************
   4:Core/Src/main.c ****   * @file           : main.c
   5:Core/Src/main.c ****   * @brief          : Main program body
   6:Core/Src/main.c ****   ******************************************************************************
   7:Core/Src/main.c ****   * @attention
   8:Core/Src/main.c ****   *
   9:Core/Src/main.c ****   * Copyright (c) 2022 STMicroelectronics.
  10:Core/Src/main.c ****   * All rights reserved.
  11:Core/Src/main.c ****   *
  12:Core/Src/main.c ****   * This software is licensed under terms that can be found in the LICENSE file
  13:Core/Src/main.c ****   * in the root directory of this software component.
  14:Core/Src/main.c ****   * If no LICENSE file comes with this software, it is provided AS-IS.
  15:Core/Src/main.c ****   *
  16:Core/Src/main.c ****   ******************************************************************************
  17:Core/Src/main.c ****   */
  18:Core/Src/main.c **** /* USER CODE END Header */
  19:Core/Src/main.c **** /* Includes ------------------------------------------------------------------*/
  20:Core/Src/main.c **** #include "main.h"
  21:Core/Src/main.c **** #include "usb_device.h"
  22:Core/Src/main.c **** 
  23:Core/Src/main.c **** /* Private includes ----------------------------------------------------------*/
  24:Core/Src/main.c **** /* USER CODE BEGIN Includes */
  25:Core/Src/main.c **** 
  26:Core/Src/main.c **** /* USER CODE END Includes */
  27:Core/Src/main.c **** 
  28:Core/Src/main.c **** /* Private typedef -----------------------------------------------------------*/
  29:Core/Src/main.c **** /* USER CODE BEGIN PTD */
  30:Core/Src/main.c **** 
  31:Core/Src/main.c **** /* USER CODE END PTD */
  32:Core/Src/main.c **** 
  33:Core/Src/main.c **** /* Private define ------------------------------------------------------------*/
ARM GAS  C:\Users\frepp\AppData\Local\Temp\cch0I3IO.s 			page 2


  34:Core/Src/main.c **** /* USER CODE BEGIN PD */
  35:Core/Src/main.c **** /* USER CODE END PD */
  36:Core/Src/main.c **** 
  37:Core/Src/main.c **** /* Private macro -------------------------------------------------------------*/
  38:Core/Src/main.c **** /* USER CODE BEGIN PM */
  39:Core/Src/main.c **** 
  40:Core/Src/main.c **** /* USER CODE END PM */
  41:Core/Src/main.c **** 
  42:Core/Src/main.c **** /* Private variables ---------------------------------------------------------*/
  43:Core/Src/main.c **** 
  44:Core/Src/main.c **** /* USER CODE BEGIN PV */
  45:Core/Src/main.c **** 
  46:Core/Src/main.c **** /* USER CODE END PV */
  47:Core/Src/main.c **** 
  48:Core/Src/main.c **** /* Private function prototypes -----------------------------------------------*/
  49:Core/Src/main.c **** void SystemClock_Config(void);
  50:Core/Src/main.c **** static void MX_GPIO_Init(void);
  51:Core/Src/main.c **** /* USER CODE BEGIN PFP */
  52:Core/Src/main.c **** 
  53:Core/Src/main.c **** /* USER CODE END PFP */
  54:Core/Src/main.c **** 
  55:Core/Src/main.c **** /* Private user code ---------------------------------------------------------*/
  56:Core/Src/main.c **** /* USER CODE BEGIN 0 */
  57:Core/Src/main.c **** 
  58:Core/Src/main.c **** /* USER CODE END 0 */
  59:Core/Src/main.c **** 
  60:Core/Src/main.c **** /**
  61:Core/Src/main.c ****   * @brief  The application entry point.
  62:Core/Src/main.c ****   * @retval int
  63:Core/Src/main.c ****   */
  64:Core/Src/main.c **** int main(void)
  65:Core/Src/main.c **** {
  66:Core/Src/main.c ****   /* USER CODE BEGIN 1 */
  67:Core/Src/main.c ****   uint8_t val=0;
  68:Core/Src/main.c ****   /* USER CODE END 1 */
  69:Core/Src/main.c **** 
  70:Core/Src/main.c ****   /* MCU Configuration--------------------------------------------------------*/
  71:Core/Src/main.c **** 
  72:Core/Src/main.c ****   /* Reset of all peripherals, Initializes the Flash interface and the Systick. */
  73:Core/Src/main.c ****   HAL_Init();
  74:Core/Src/main.c **** 
  75:Core/Src/main.c ****   /* USER CODE BEGIN Init */
  76:Core/Src/main.c **** 
  77:Core/Src/main.c ****   /* USER CODE END Init */
  78:Core/Src/main.c **** 
  79:Core/Src/main.c ****   /* Configure the system clock */
  80:Core/Src/main.c ****   SystemClock_Config();
  81:Core/Src/main.c **** 
  82:Core/Src/main.c ****   /* USER CODE BEGIN SysInit */
  83:Core/Src/main.c **** 
  84:Core/Src/main.c ****   /* USER CODE END SysInit */
  85:Core/Src/main.c **** 
  86:Core/Src/main.c ****   /* Initialize all configured peripherals */
  87:Core/Src/main.c ****   MX_GPIO_Init();
  88:Core/Src/main.c ****   MX_USB_DEVICE_Init();
  89:Core/Src/main.c ****   /* USER CODE BEGIN 2 */
  90:Core/Src/main.c **** 
ARM GAS  C:\Users\frepp\AppData\Local\Temp\cch0I3IO.s 			page 3


  91:Core/Src/main.c ****   /* USER CODE END 2 */
  92:Core/Src/main.c **** 
  93:Core/Src/main.c ****   /* Infinite loop */
  94:Core/Src/main.c ****   /* USER CODE BEGIN WHILE */
  95:Core/Src/main.c ****   while (1)
  96:Core/Src/main.c ****   {
  97:Core/Src/main.c ****     /* USER CODE END WHILE */
  98:Core/Src/main.c **** 
  99:Core/Src/main.c ****     /* USER CODE BEGIN 3 */
 100:Core/Src/main.c ****     
 101:Core/Src/main.c ****     HAL_GPIO_TogglePin(LED_GPIO_Port,LED_Pin);
 102:Core/Src/main.c ****     HAL_Delay(500);
 103:Core/Src/main.c ****   }
 104:Core/Src/main.c ****   /* USER CODE END 3 */
 105:Core/Src/main.c **** }
 106:Core/Src/main.c **** 
 107:Core/Src/main.c **** /**
 108:Core/Src/main.c ****   * @brief System Clock Configuration
 109:Core/Src/main.c ****   * @retval None
 110:Core/Src/main.c ****   */
 111:Core/Src/main.c **** void SystemClock_Config(void)
 112:Core/Src/main.c **** {
 113:Core/Src/main.c ****   RCC_OscInitTypeDef RCC_OscInitStruct = {0};
 114:Core/Src/main.c ****   RCC_ClkInitTypeDef RCC_ClkInitStruct = {0};
 115:Core/Src/main.c ****   RCC_PeriphCLKInitTypeDef PeriphClkInit = {0};
 116:Core/Src/main.c **** 
 117:Core/Src/main.c ****   /** Initializes the RCC Oscillators according to the specified parameters
 118:Core/Src/main.c ****   * in the RCC_OscInitTypeDef structure.
 119:Core/Src/main.c ****   */
 120:Core/Src/main.c ****   RCC_OscInitStruct.OscillatorType = RCC_OSCILLATORTYPE_HSE;
 121:Core/Src/main.c ****   RCC_OscInitStruct.HSEState = RCC_HSE_ON;
 122:Core/Src/main.c ****   RCC_OscInitStruct.HSEPredivValue = RCC_HSE_PREDIV_DIV1;
 123:Core/Src/main.c ****   RCC_OscInitStruct.HSIState = RCC_HSI_ON;
 124:Core/Src/main.c ****   RCC_OscInitStruct.PLL.PLLState = RCC_PLL_ON;
 125:Core/Src/main.c ****   RCC_OscInitStruct.PLL.PLLSource = RCC_PLLSOURCE_HSE;
 126:Core/Src/main.c ****   RCC_OscInitStruct.PLL.PLLMUL = RCC_PLL_MUL9;
 127:Core/Src/main.c ****   if (HAL_RCC_OscConfig(&RCC_OscInitStruct) != HAL_OK)
 128:Core/Src/main.c ****   {
 129:Core/Src/main.c ****     Error_Handler();
 130:Core/Src/main.c ****   }
 131:Core/Src/main.c ****   /** Initializes the CPU, AHB and APB buses clocks
 132:Core/Src/main.c ****   */
 133:Core/Src/main.c ****   RCC_ClkInitStruct.ClockType = RCC_CLOCKTYPE_HCLK|RCC_CLOCKTYPE_SYSCLK
 134:Core/Src/main.c ****                               |RCC_CLOCKTYPE_PCLK1|RCC_CLOCKTYPE_PCLK2;
 135:Core/Src/main.c ****   RCC_ClkInitStruct.SYSCLKSource = RCC_SYSCLKSOURCE_PLLCLK;
 136:Core/Src/main.c ****   RCC_ClkInitStruct.AHBCLKDivider = RCC_SYSCLK_DIV1;
 137:Core/Src/main.c ****   RCC_ClkInitStruct.APB1CLKDivider = RCC_HCLK_DIV2;
 138:Core/Src/main.c ****   RCC_ClkInitStruct.APB2CLKDivider = RCC_HCLK_DIV1;
 139:Core/Src/main.c **** 
 140:Core/Src/main.c ****   if (HAL_RCC_ClockConfig(&RCC_ClkInitStruct, FLASH_LATENCY_2) != HAL_OK)
 141:Core/Src/main.c ****   {
 142:Core/Src/main.c ****     Error_Handler();
 143:Core/Src/main.c ****   }
 144:Core/Src/main.c ****   PeriphClkInit.PeriphClockSelection = RCC_PERIPHCLK_USB;
 145:Core/Src/main.c ****   PeriphClkInit.UsbClockSelection = RCC_USBCLKSOURCE_PLL_DIV1_5;
 146:Core/Src/main.c ****   if (HAL_RCCEx_PeriphCLKConfig(&PeriphClkInit) != HAL_OK)
 147:Core/Src/main.c ****   {
ARM GAS  C:\Users\frepp\AppData\Local\Temp\cch0I3IO.s 			page 4


 148:Core/Src/main.c ****     Error_Handler();
 149:Core/Src/main.c ****   }
 150:Core/Src/main.c **** }
 151:Core/Src/main.c **** 
 152:Core/Src/main.c **** /**
 153:Core/Src/main.c ****   * @brief GPIO Initialization Function
 154:Core/Src/main.c ****   * @param None
 155:Core/Src/main.c ****   * @retval None
 156:Core/Src/main.c ****   */
 157:Core/Src/main.c **** static void MX_GPIO_Init(void)
 158:Core/Src/main.c **** {
  26              		.loc 1 158 1 view -0
  27              		.cfi_startproc
  28              		@ args = 0, pretend = 0, frame = 32
  29              		@ frame_needed = 0, uses_anonymous_args = 0
  30 0000 30B5     		push	{r4, r5, lr}
  31              	.LCFI0:
  32              		.cfi_def_cfa_offset 12
  33              		.cfi_offset 4, -12
  34              		.cfi_offset 5, -8
  35              		.cfi_offset 14, -4
  36 0002 89B0     		sub	sp, sp, #36
  37              	.LCFI1:
  38              		.cfi_def_cfa_offset 48
 159:Core/Src/main.c ****   GPIO_InitTypeDef GPIO_InitStruct = {0};
  39              		.loc 1 159 3 view .LVU1
  40              		.loc 1 159 20 is_stmt 0 view .LVU2
  41 0004 0024     		movs	r4, #0
  42 0006 0494     		str	r4, [sp, #16]
  43 0008 0594     		str	r4, [sp, #20]
  44 000a 0694     		str	r4, [sp, #24]
  45 000c 0794     		str	r4, [sp, #28]
 160:Core/Src/main.c **** 
 161:Core/Src/main.c ****   /* GPIO Ports Clock Enable */
 162:Core/Src/main.c ****   __HAL_RCC_GPIOC_CLK_ENABLE();
  46              		.loc 1 162 3 is_stmt 1 view .LVU3
  47              	.LBB4:
  48              		.loc 1 162 3 view .LVU4
  49              		.loc 1 162 3 view .LVU5
  50 000e 184B     		ldr	r3, .L3
  51 0010 9A69     		ldr	r2, [r3, #24]
  52 0012 42F01002 		orr	r2, r2, #16
  53 0016 9A61     		str	r2, [r3, #24]
  54              		.loc 1 162 3 view .LVU6
  55 0018 9A69     		ldr	r2, [r3, #24]
  56 001a 02F01002 		and	r2, r2, #16
  57 001e 0192     		str	r2, [sp, #4]
  58              		.loc 1 162 3 view .LVU7
  59 0020 019A     		ldr	r2, [sp, #4]
  60              	.LBE4:
  61              		.loc 1 162 3 view .LVU8
 163:Core/Src/main.c ****   __HAL_RCC_GPIOD_CLK_ENABLE();
  62              		.loc 1 163 3 view .LVU9
  63              	.LBB5:
  64              		.loc 1 163 3 view .LVU10
  65              		.loc 1 163 3 view .LVU11
  66 0022 9A69     		ldr	r2, [r3, #24]
ARM GAS  C:\Users\frepp\AppData\Local\Temp\cch0I3IO.s 			page 5


  67 0024 42F02002 		orr	r2, r2, #32
  68 0028 9A61     		str	r2, [r3, #24]
  69              		.loc 1 163 3 view .LVU12
  70 002a 9A69     		ldr	r2, [r3, #24]
  71 002c 02F02002 		and	r2, r2, #32
  72 0030 0292     		str	r2, [sp, #8]
  73              		.loc 1 163 3 view .LVU13
  74 0032 029A     		ldr	r2, [sp, #8]
  75              	.LBE5:
  76              		.loc 1 163 3 view .LVU14
 164:Core/Src/main.c ****   __HAL_RCC_GPIOA_CLK_ENABLE();
  77              		.loc 1 164 3 view .LVU15
  78              	.LBB6:
  79              		.loc 1 164 3 view .LVU16
  80              		.loc 1 164 3 view .LVU17
  81 0034 9A69     		ldr	r2, [r3, #24]
  82 0036 42F00402 		orr	r2, r2, #4
  83 003a 9A61     		str	r2, [r3, #24]
  84              		.loc 1 164 3 view .LVU18
  85 003c 9B69     		ldr	r3, [r3, #24]
  86 003e 03F00403 		and	r3, r3, #4
  87 0042 0393     		str	r3, [sp, #12]
  88              		.loc 1 164 3 view .LVU19
  89 0044 039B     		ldr	r3, [sp, #12]
  90              	.LBE6:
  91              		.loc 1 164 3 view .LVU20
 165:Core/Src/main.c **** 
 166:Core/Src/main.c ****   /*Configure GPIO pin Output Level */
 167:Core/Src/main.c ****   HAL_GPIO_WritePin(LED_GPIO_Port, LED_Pin, GPIO_PIN_RESET);
  92              		.loc 1 167 3 view .LVU21
  93 0046 0B4D     		ldr	r5, .L3+4
  94 0048 2246     		mov	r2, r4
  95 004a 4FF40051 		mov	r1, #8192
  96 004e 2846     		mov	r0, r5
  97 0050 FFF7FEFF 		bl	HAL_GPIO_WritePin
  98              	.LVL0:
 168:Core/Src/main.c **** 
 169:Core/Src/main.c ****   /*Configure GPIO pin : LED_Pin */
 170:Core/Src/main.c ****   GPIO_InitStruct.Pin = LED_Pin;
  99              		.loc 1 170 3 view .LVU22
 100              		.loc 1 170 23 is_stmt 0 view .LVU23
 101 0054 4FF40053 		mov	r3, #8192
 102 0058 0493     		str	r3, [sp, #16]
 171:Core/Src/main.c ****   GPIO_InitStruct.Mode = GPIO_MODE_OUTPUT_PP;
 103              		.loc 1 171 3 is_stmt 1 view .LVU24
 104              		.loc 1 171 24 is_stmt 0 view .LVU25
 105 005a 0123     		movs	r3, #1
 106 005c 0593     		str	r3, [sp, #20]
 172:Core/Src/main.c ****   GPIO_InitStruct.Pull = GPIO_NOPULL;
 107              		.loc 1 172 3 is_stmt 1 view .LVU26
 108              		.loc 1 172 24 is_stmt 0 view .LVU27
 109 005e 0694     		str	r4, [sp, #24]
 173:Core/Src/main.c ****   GPIO_InitStruct.Speed = GPIO_SPEED_FREQ_LOW;
 110              		.loc 1 173 3 is_stmt 1 view .LVU28
 111              		.loc 1 173 25 is_stmt 0 view .LVU29
 112 0060 0223     		movs	r3, #2
 113 0062 0793     		str	r3, [sp, #28]
ARM GAS  C:\Users\frepp\AppData\Local\Temp\cch0I3IO.s 			page 6


 174:Core/Src/main.c ****   HAL_GPIO_Init(LED_GPIO_Port, &GPIO_InitStruct);
 114              		.loc 1 174 3 is_stmt 1 view .LVU30
 115 0064 04A9     		add	r1, sp, #16
 116 0066 2846     		mov	r0, r5
 117 0068 FFF7FEFF 		bl	HAL_GPIO_Init
 118              	.LVL1:
 175:Core/Src/main.c **** 
 176:Core/Src/main.c **** }
 119              		.loc 1 176 1 is_stmt 0 view .LVU31
 120 006c 09B0     		add	sp, sp, #36
 121              	.LCFI2:
 122              		.cfi_def_cfa_offset 12
 123              		@ sp needed
 124 006e 30BD     		pop	{r4, r5, pc}
 125              	.L4:
 126              		.align	2
 127              	.L3:
 128 0070 00100240 		.word	1073876992
 129 0074 00100140 		.word	1073811456
 130              		.cfi_endproc
 131              	.LFE70:
 133              		.section	.text.Error_Handler,"ax",%progbits
 134              		.align	1
 135              		.global	Error_Handler
 136              		.syntax unified
 137              		.thumb
 138              		.thumb_func
 140              	Error_Handler:
 141              	.LFB71:
 177:Core/Src/main.c **** 
 178:Core/Src/main.c **** /* USER CODE BEGIN 4 */
 179:Core/Src/main.c **** 
 180:Core/Src/main.c **** /* USER CODE END 4 */
 181:Core/Src/main.c **** 
 182:Core/Src/main.c **** /**
 183:Core/Src/main.c ****   * @brief  This function is executed in case of error occurrence.
 184:Core/Src/main.c ****   * @retval None
 185:Core/Src/main.c ****   */
 186:Core/Src/main.c **** void Error_Handler(void)
 187:Core/Src/main.c **** {
 142              		.loc 1 187 1 is_stmt 1 view -0
 143              		.cfi_startproc
 144              		@ Volatile: function does not return.
 145              		@ args = 0, pretend = 0, frame = 0
 146              		@ frame_needed = 0, uses_anonymous_args = 0
 147              		@ link register save eliminated.
 188:Core/Src/main.c ****   /* USER CODE BEGIN Error_Handler_Debug */
 189:Core/Src/main.c ****   /* User can add his own implementation to report the HAL error return state */
 190:Core/Src/main.c ****   __disable_irq();
 148              		.loc 1 190 3 view .LVU33
 149              	.LBB7:
 150              	.LBI7:
 151              		.file 2 "Drivers/CMSIS/Include/cmsis_gcc.h"
   1:Drivers/CMSIS/Include/cmsis_gcc.h **** /**************************************************************************//**
   2:Drivers/CMSIS/Include/cmsis_gcc.h ****  * @file     cmsis_gcc.h
   3:Drivers/CMSIS/Include/cmsis_gcc.h ****  * @brief    CMSIS compiler GCC header file
   4:Drivers/CMSIS/Include/cmsis_gcc.h ****  * @version  V5.0.4
ARM GAS  C:\Users\frepp\AppData\Local\Temp\cch0I3IO.s 			page 7


   5:Drivers/CMSIS/Include/cmsis_gcc.h ****  * @date     09. April 2018
   6:Drivers/CMSIS/Include/cmsis_gcc.h ****  ******************************************************************************/
   7:Drivers/CMSIS/Include/cmsis_gcc.h **** /*
   8:Drivers/CMSIS/Include/cmsis_gcc.h ****  * Copyright (c) 2009-2018 Arm Limited. All rights reserved.
   9:Drivers/CMSIS/Include/cmsis_gcc.h ****  *
  10:Drivers/CMSIS/Include/cmsis_gcc.h ****  * SPDX-License-Identifier: Apache-2.0
  11:Drivers/CMSIS/Include/cmsis_gcc.h ****  *
  12:Drivers/CMSIS/Include/cmsis_gcc.h ****  * Licensed under the Apache License, Version 2.0 (the License); you may
  13:Drivers/CMSIS/Include/cmsis_gcc.h ****  * not use this file except in compliance with the License.
  14:Drivers/CMSIS/Include/cmsis_gcc.h ****  * You may obtain a copy of the License at
  15:Drivers/CMSIS/Include/cmsis_gcc.h ****  *
  16:Drivers/CMSIS/Include/cmsis_gcc.h ****  * www.apache.org/licenses/LICENSE-2.0
  17:Drivers/CMSIS/Include/cmsis_gcc.h ****  *
  18:Drivers/CMSIS/Include/cmsis_gcc.h ****  * Unless required by applicable law or agreed to in writing, software
  19:Drivers/CMSIS/Include/cmsis_gcc.h ****  * distributed under the License is distributed on an AS IS BASIS, WITHOUT
  20:Drivers/CMSIS/Include/cmsis_gcc.h ****  * WARRANTIES OR CONDITIONS OF ANY KIND, either express or implied.
  21:Drivers/CMSIS/Include/cmsis_gcc.h ****  * See the License for the specific language governing permissions and
  22:Drivers/CMSIS/Include/cmsis_gcc.h ****  * limitations under the License.
  23:Drivers/CMSIS/Include/cmsis_gcc.h ****  */
  24:Drivers/CMSIS/Include/cmsis_gcc.h **** 
  25:Drivers/CMSIS/Include/cmsis_gcc.h **** #ifndef __CMSIS_GCC_H
  26:Drivers/CMSIS/Include/cmsis_gcc.h **** #define __CMSIS_GCC_H
  27:Drivers/CMSIS/Include/cmsis_gcc.h **** 
  28:Drivers/CMSIS/Include/cmsis_gcc.h **** /* ignore some GCC warnings */
  29:Drivers/CMSIS/Include/cmsis_gcc.h **** #pragma GCC diagnostic push
  30:Drivers/CMSIS/Include/cmsis_gcc.h **** #pragma GCC diagnostic ignored "-Wsign-conversion"
  31:Drivers/CMSIS/Include/cmsis_gcc.h **** #pragma GCC diagnostic ignored "-Wconversion"
  32:Drivers/CMSIS/Include/cmsis_gcc.h **** #pragma GCC diagnostic ignored "-Wunused-parameter"
  33:Drivers/CMSIS/Include/cmsis_gcc.h **** 
  34:Drivers/CMSIS/Include/cmsis_gcc.h **** /* Fallback for __has_builtin */
  35:Drivers/CMSIS/Include/cmsis_gcc.h **** #ifndef __has_builtin
  36:Drivers/CMSIS/Include/cmsis_gcc.h ****   #define __has_builtin(x) (0)
  37:Drivers/CMSIS/Include/cmsis_gcc.h **** #endif
  38:Drivers/CMSIS/Include/cmsis_gcc.h **** 
  39:Drivers/CMSIS/Include/cmsis_gcc.h **** /* CMSIS compiler specific defines */
  40:Drivers/CMSIS/Include/cmsis_gcc.h **** #ifndef   __ASM
  41:Drivers/CMSIS/Include/cmsis_gcc.h ****   #define __ASM                                  __asm
  42:Drivers/CMSIS/Include/cmsis_gcc.h **** #endif
  43:Drivers/CMSIS/Include/cmsis_gcc.h **** #ifndef   __INLINE
  44:Drivers/CMSIS/Include/cmsis_gcc.h ****   #define __INLINE                               inline
  45:Drivers/CMSIS/Include/cmsis_gcc.h **** #endif
  46:Drivers/CMSIS/Include/cmsis_gcc.h **** #ifndef   __STATIC_INLINE
  47:Drivers/CMSIS/Include/cmsis_gcc.h ****   #define __STATIC_INLINE                        static inline
  48:Drivers/CMSIS/Include/cmsis_gcc.h **** #endif
  49:Drivers/CMSIS/Include/cmsis_gcc.h **** #ifndef   __STATIC_FORCEINLINE                 
  50:Drivers/CMSIS/Include/cmsis_gcc.h ****   #define __STATIC_FORCEINLINE                   __attribute__((always_inline)) static inline
  51:Drivers/CMSIS/Include/cmsis_gcc.h **** #endif                                           
  52:Drivers/CMSIS/Include/cmsis_gcc.h **** #ifndef   __NO_RETURN
  53:Drivers/CMSIS/Include/cmsis_gcc.h ****   #define __NO_RETURN                            __attribute__((__noreturn__))
  54:Drivers/CMSIS/Include/cmsis_gcc.h **** #endif
  55:Drivers/CMSIS/Include/cmsis_gcc.h **** #ifndef   __USED
  56:Drivers/CMSIS/Include/cmsis_gcc.h ****   #define __USED                                 __attribute__((used))
  57:Drivers/CMSIS/Include/cmsis_gcc.h **** #endif
  58:Drivers/CMSIS/Include/cmsis_gcc.h **** #ifndef   __WEAK
  59:Drivers/CMSIS/Include/cmsis_gcc.h ****   #define __WEAK                                 __attribute__((weak))
  60:Drivers/CMSIS/Include/cmsis_gcc.h **** #endif
  61:Drivers/CMSIS/Include/cmsis_gcc.h **** #ifndef   __PACKED
ARM GAS  C:\Users\frepp\AppData\Local\Temp\cch0I3IO.s 			page 8


  62:Drivers/CMSIS/Include/cmsis_gcc.h ****   #define __PACKED                               __attribute__((packed, aligned(1)))
  63:Drivers/CMSIS/Include/cmsis_gcc.h **** #endif
  64:Drivers/CMSIS/Include/cmsis_gcc.h **** #ifndef   __PACKED_STRUCT
  65:Drivers/CMSIS/Include/cmsis_gcc.h ****   #define __PACKED_STRUCT                        struct __attribute__((packed, aligned(1)))
  66:Drivers/CMSIS/Include/cmsis_gcc.h **** #endif
  67:Drivers/CMSIS/Include/cmsis_gcc.h **** #ifndef   __PACKED_UNION
  68:Drivers/CMSIS/Include/cmsis_gcc.h ****   #define __PACKED_UNION                         union __attribute__((packed, aligned(1)))
  69:Drivers/CMSIS/Include/cmsis_gcc.h **** #endif
  70:Drivers/CMSIS/Include/cmsis_gcc.h **** #ifndef   __UNALIGNED_UINT32        /* deprecated */
  71:Drivers/CMSIS/Include/cmsis_gcc.h ****   #pragma GCC diagnostic push
  72:Drivers/CMSIS/Include/cmsis_gcc.h ****   #pragma GCC diagnostic ignored "-Wpacked"
  73:Drivers/CMSIS/Include/cmsis_gcc.h ****   #pragma GCC diagnostic ignored "-Wattributes"
  74:Drivers/CMSIS/Include/cmsis_gcc.h ****   struct __attribute__((packed)) T_UINT32 { uint32_t v; };
  75:Drivers/CMSIS/Include/cmsis_gcc.h ****   #pragma GCC diagnostic pop
  76:Drivers/CMSIS/Include/cmsis_gcc.h ****   #define __UNALIGNED_UINT32(x)                  (((struct T_UINT32 *)(x))->v)
  77:Drivers/CMSIS/Include/cmsis_gcc.h **** #endif
  78:Drivers/CMSIS/Include/cmsis_gcc.h **** #ifndef   __UNALIGNED_UINT16_WRITE
  79:Drivers/CMSIS/Include/cmsis_gcc.h ****   #pragma GCC diagnostic push
  80:Drivers/CMSIS/Include/cmsis_gcc.h ****   #pragma GCC diagnostic ignored "-Wpacked"
  81:Drivers/CMSIS/Include/cmsis_gcc.h ****   #pragma GCC diagnostic ignored "-Wattributes"
  82:Drivers/CMSIS/Include/cmsis_gcc.h ****   __PACKED_STRUCT T_UINT16_WRITE { uint16_t v; };
  83:Drivers/CMSIS/Include/cmsis_gcc.h ****   #pragma GCC diagnostic pop
  84:Drivers/CMSIS/Include/cmsis_gcc.h ****   #define __UNALIGNED_UINT16_WRITE(addr, val)    (void)((((struct T_UINT16_WRITE *)(void *)(addr))-
  85:Drivers/CMSIS/Include/cmsis_gcc.h **** #endif
  86:Drivers/CMSIS/Include/cmsis_gcc.h **** #ifndef   __UNALIGNED_UINT16_READ
  87:Drivers/CMSIS/Include/cmsis_gcc.h ****   #pragma GCC diagnostic push
  88:Drivers/CMSIS/Include/cmsis_gcc.h ****   #pragma GCC diagnostic ignored "-Wpacked"
  89:Drivers/CMSIS/Include/cmsis_gcc.h ****   #pragma GCC diagnostic ignored "-Wattributes"
  90:Drivers/CMSIS/Include/cmsis_gcc.h ****   __PACKED_STRUCT T_UINT16_READ { uint16_t v; };
  91:Drivers/CMSIS/Include/cmsis_gcc.h ****   #pragma GCC diagnostic pop
  92:Drivers/CMSIS/Include/cmsis_gcc.h ****   #define __UNALIGNED_UINT16_READ(addr)          (((const struct T_UINT16_READ *)(const void *)(add
  93:Drivers/CMSIS/Include/cmsis_gcc.h **** #endif
  94:Drivers/CMSIS/Include/cmsis_gcc.h **** #ifndef   __UNALIGNED_UINT32_WRITE
  95:Drivers/CMSIS/Include/cmsis_gcc.h ****   #pragma GCC diagnostic push
  96:Drivers/CMSIS/Include/cmsis_gcc.h ****   #pragma GCC diagnostic ignored "-Wpacked"
  97:Drivers/CMSIS/Include/cmsis_gcc.h ****   #pragma GCC diagnostic ignored "-Wattributes"
  98:Drivers/CMSIS/Include/cmsis_gcc.h ****   __PACKED_STRUCT T_UINT32_WRITE { uint32_t v; };
  99:Drivers/CMSIS/Include/cmsis_gcc.h ****   #pragma GCC diagnostic pop
 100:Drivers/CMSIS/Include/cmsis_gcc.h ****   #define __UNALIGNED_UINT32_WRITE(addr, val)    (void)((((struct T_UINT32_WRITE *)(void *)(addr))-
 101:Drivers/CMSIS/Include/cmsis_gcc.h **** #endif
 102:Drivers/CMSIS/Include/cmsis_gcc.h **** #ifndef   __UNALIGNED_UINT32_READ
 103:Drivers/CMSIS/Include/cmsis_gcc.h ****   #pragma GCC diagnostic push
 104:Drivers/CMSIS/Include/cmsis_gcc.h ****   #pragma GCC diagnostic ignored "-Wpacked"
 105:Drivers/CMSIS/Include/cmsis_gcc.h ****   #pragma GCC diagnostic ignored "-Wattributes"
 106:Drivers/CMSIS/Include/cmsis_gcc.h ****   __PACKED_STRUCT T_UINT32_READ { uint32_t v; };
 107:Drivers/CMSIS/Include/cmsis_gcc.h ****   #pragma GCC diagnostic pop
 108:Drivers/CMSIS/Include/cmsis_gcc.h ****   #define __UNALIGNED_UINT32_READ(addr)          (((const struct T_UINT32_READ *)(const void *)(add
 109:Drivers/CMSIS/Include/cmsis_gcc.h **** #endif
 110:Drivers/CMSIS/Include/cmsis_gcc.h **** #ifndef   __ALIGNED
 111:Drivers/CMSIS/Include/cmsis_gcc.h ****   #define __ALIGNED(x)                           __attribute__((aligned(x)))
 112:Drivers/CMSIS/Include/cmsis_gcc.h **** #endif
 113:Drivers/CMSIS/Include/cmsis_gcc.h **** #ifndef   __RESTRICT
 114:Drivers/CMSIS/Include/cmsis_gcc.h ****   #define __RESTRICT                             __restrict
 115:Drivers/CMSIS/Include/cmsis_gcc.h **** #endif
 116:Drivers/CMSIS/Include/cmsis_gcc.h **** 
 117:Drivers/CMSIS/Include/cmsis_gcc.h **** 
 118:Drivers/CMSIS/Include/cmsis_gcc.h **** /* ###########################  Core Function Access  ########################### */
ARM GAS  C:\Users\frepp\AppData\Local\Temp\cch0I3IO.s 			page 9


 119:Drivers/CMSIS/Include/cmsis_gcc.h **** /** \ingroup  CMSIS_Core_FunctionInterface
 120:Drivers/CMSIS/Include/cmsis_gcc.h ****     \defgroup CMSIS_Core_RegAccFunctions CMSIS Core Register Access Functions
 121:Drivers/CMSIS/Include/cmsis_gcc.h ****   @{
 122:Drivers/CMSIS/Include/cmsis_gcc.h ****  */
 123:Drivers/CMSIS/Include/cmsis_gcc.h **** 
 124:Drivers/CMSIS/Include/cmsis_gcc.h **** /**
 125:Drivers/CMSIS/Include/cmsis_gcc.h ****   \brief   Enable IRQ Interrupts
 126:Drivers/CMSIS/Include/cmsis_gcc.h ****   \details Enables IRQ interrupts by clearing the I-bit in the CPSR.
 127:Drivers/CMSIS/Include/cmsis_gcc.h ****            Can only be executed in Privileged modes.
 128:Drivers/CMSIS/Include/cmsis_gcc.h ****  */
 129:Drivers/CMSIS/Include/cmsis_gcc.h **** __STATIC_FORCEINLINE void __enable_irq(void)
 130:Drivers/CMSIS/Include/cmsis_gcc.h **** {
 131:Drivers/CMSIS/Include/cmsis_gcc.h ****   __ASM volatile ("cpsie i" : : : "memory");
 132:Drivers/CMSIS/Include/cmsis_gcc.h **** }
 133:Drivers/CMSIS/Include/cmsis_gcc.h **** 
 134:Drivers/CMSIS/Include/cmsis_gcc.h **** 
 135:Drivers/CMSIS/Include/cmsis_gcc.h **** /**
 136:Drivers/CMSIS/Include/cmsis_gcc.h ****   \brief   Disable IRQ Interrupts
 137:Drivers/CMSIS/Include/cmsis_gcc.h ****   \details Disables IRQ interrupts by setting the I-bit in the CPSR.
 138:Drivers/CMSIS/Include/cmsis_gcc.h ****            Can only be executed in Privileged modes.
 139:Drivers/CMSIS/Include/cmsis_gcc.h ****  */
 140:Drivers/CMSIS/Include/cmsis_gcc.h **** __STATIC_FORCEINLINE void __disable_irq(void)
 152              		.loc 2 140 27 view .LVU34
 153              	.LBB8:
 141:Drivers/CMSIS/Include/cmsis_gcc.h **** {
 142:Drivers/CMSIS/Include/cmsis_gcc.h ****   __ASM volatile ("cpsid i" : : : "memory");
 154              		.loc 2 142 3 view .LVU35
 155              		.syntax unified
 156              	@ 142 "Drivers/CMSIS/Include/cmsis_gcc.h" 1
 157 0000 72B6     		cpsid i
 158              	@ 0 "" 2
 159              		.thumb
 160              		.syntax unified
 161              	.L6:
 162              	.LBE8:
 163              	.LBE7:
 191:Core/Src/main.c ****   while (1)
 164              		.loc 1 191 3 discriminator 1 view .LVU36
 192:Core/Src/main.c ****   {
 193:Core/Src/main.c ****   
 194:Core/Src/main.c ****   }
 165              		.loc 1 194 3 discriminator 1 view .LVU37
 191:Core/Src/main.c ****   while (1)
 166              		.loc 1 191 9 discriminator 1 view .LVU38
 167 0002 FEE7     		b	.L6
 168              		.cfi_endproc
 169              	.LFE71:
 171              		.section	.text.SystemClock_Config,"ax",%progbits
 172              		.align	1
 173              		.global	SystemClock_Config
 174              		.syntax unified
 175              		.thumb
 176              		.thumb_func
 178              	SystemClock_Config:
 179              	.LFB69:
 112:Core/Src/main.c ****   RCC_OscInitTypeDef RCC_OscInitStruct = {0};
 180              		.loc 1 112 1 view -0
ARM GAS  C:\Users\frepp\AppData\Local\Temp\cch0I3IO.s 			page 10


 181              		.cfi_startproc
 182              		@ args = 0, pretend = 0, frame = 80
 183              		@ frame_needed = 0, uses_anonymous_args = 0
 184 0000 00B5     		push	{lr}
 185              	.LCFI3:
 186              		.cfi_def_cfa_offset 4
 187              		.cfi_offset 14, -4
 188 0002 95B0     		sub	sp, sp, #84
 189              	.LCFI4:
 190              		.cfi_def_cfa_offset 88
 113:Core/Src/main.c ****   RCC_ClkInitTypeDef RCC_ClkInitStruct = {0};
 191              		.loc 1 113 3 view .LVU40
 113:Core/Src/main.c ****   RCC_ClkInitTypeDef RCC_ClkInitStruct = {0};
 192              		.loc 1 113 22 is_stmt 0 view .LVU41
 193 0004 2822     		movs	r2, #40
 194 0006 0021     		movs	r1, #0
 195 0008 0DEB0200 		add	r0, sp, r2
 196 000c FFF7FEFF 		bl	memset
 197              	.LVL2:
 114:Core/Src/main.c ****   RCC_PeriphCLKInitTypeDef PeriphClkInit = {0};
 198              		.loc 1 114 3 is_stmt 1 view .LVU42
 114:Core/Src/main.c ****   RCC_PeriphCLKInitTypeDef PeriphClkInit = {0};
 199              		.loc 1 114 22 is_stmt 0 view .LVU43
 200 0010 0023     		movs	r3, #0
 201 0012 0593     		str	r3, [sp, #20]
 202 0014 0693     		str	r3, [sp, #24]
 203 0016 0793     		str	r3, [sp, #28]
 204 0018 0893     		str	r3, [sp, #32]
 205 001a 0993     		str	r3, [sp, #36]
 115:Core/Src/main.c **** 
 206              		.loc 1 115 3 is_stmt 1 view .LVU44
 115:Core/Src/main.c **** 
 207              		.loc 1 115 28 is_stmt 0 view .LVU45
 208 001c 0193     		str	r3, [sp, #4]
 209 001e 0293     		str	r3, [sp, #8]
 210 0020 0393     		str	r3, [sp, #12]
 211 0022 0493     		str	r3, [sp, #16]
 120:Core/Src/main.c ****   RCC_OscInitStruct.HSEState = RCC_HSE_ON;
 212              		.loc 1 120 3 is_stmt 1 view .LVU46
 120:Core/Src/main.c ****   RCC_OscInitStruct.HSEState = RCC_HSE_ON;
 213              		.loc 1 120 36 is_stmt 0 view .LVU47
 214 0024 0122     		movs	r2, #1
 215 0026 0A92     		str	r2, [sp, #40]
 121:Core/Src/main.c ****   RCC_OscInitStruct.HSEPredivValue = RCC_HSE_PREDIV_DIV1;
 216              		.loc 1 121 3 is_stmt 1 view .LVU48
 121:Core/Src/main.c ****   RCC_OscInitStruct.HSEPredivValue = RCC_HSE_PREDIV_DIV1;
 217              		.loc 1 121 30 is_stmt 0 view .LVU49
 218 0028 4FF48033 		mov	r3, #65536
 219 002c 0B93     		str	r3, [sp, #44]
 122:Core/Src/main.c ****   RCC_OscInitStruct.HSIState = RCC_HSI_ON;
 220              		.loc 1 122 3 is_stmt 1 view .LVU50
 123:Core/Src/main.c ****   RCC_OscInitStruct.PLL.PLLState = RCC_PLL_ON;
 221              		.loc 1 123 3 view .LVU51
 123:Core/Src/main.c ****   RCC_OscInitStruct.PLL.PLLState = RCC_PLL_ON;
 222              		.loc 1 123 30 is_stmt 0 view .LVU52
 223 002e 0E92     		str	r2, [sp, #56]
 124:Core/Src/main.c ****   RCC_OscInitStruct.PLL.PLLSource = RCC_PLLSOURCE_HSE;
ARM GAS  C:\Users\frepp\AppData\Local\Temp\cch0I3IO.s 			page 11


 224              		.loc 1 124 3 is_stmt 1 view .LVU53
 124:Core/Src/main.c ****   RCC_OscInitStruct.PLL.PLLSource = RCC_PLLSOURCE_HSE;
 225              		.loc 1 124 34 is_stmt 0 view .LVU54
 226 0030 0222     		movs	r2, #2
 227 0032 1192     		str	r2, [sp, #68]
 125:Core/Src/main.c ****   RCC_OscInitStruct.PLL.PLLMUL = RCC_PLL_MUL9;
 228              		.loc 1 125 3 is_stmt 1 view .LVU55
 125:Core/Src/main.c ****   RCC_OscInitStruct.PLL.PLLMUL = RCC_PLL_MUL9;
 229              		.loc 1 125 35 is_stmt 0 view .LVU56
 230 0034 1293     		str	r3, [sp, #72]
 126:Core/Src/main.c ****   if (HAL_RCC_OscConfig(&RCC_OscInitStruct) != HAL_OK)
 231              		.loc 1 126 3 is_stmt 1 view .LVU57
 126:Core/Src/main.c ****   if (HAL_RCC_OscConfig(&RCC_OscInitStruct) != HAL_OK)
 232              		.loc 1 126 32 is_stmt 0 view .LVU58
 233 0036 4FF4E013 		mov	r3, #1835008
 234 003a 1393     		str	r3, [sp, #76]
 127:Core/Src/main.c ****   {
 235              		.loc 1 127 3 is_stmt 1 view .LVU59
 127:Core/Src/main.c ****   {
 236              		.loc 1 127 7 is_stmt 0 view .LVU60
 237 003c 0AA8     		add	r0, sp, #40
 238 003e FFF7FEFF 		bl	HAL_RCC_OscConfig
 239              	.LVL3:
 127:Core/Src/main.c ****   {
 240              		.loc 1 127 6 view .LVU61
 241 0042 C0B9     		cbnz	r0, .L12
 133:Core/Src/main.c ****                               |RCC_CLOCKTYPE_PCLK1|RCC_CLOCKTYPE_PCLK2;
 242              		.loc 1 133 3 is_stmt 1 view .LVU62
 133:Core/Src/main.c ****                               |RCC_CLOCKTYPE_PCLK1|RCC_CLOCKTYPE_PCLK2;
 243              		.loc 1 133 31 is_stmt 0 view .LVU63
 244 0044 0F23     		movs	r3, #15
 245 0046 0593     		str	r3, [sp, #20]
 135:Core/Src/main.c ****   RCC_ClkInitStruct.AHBCLKDivider = RCC_SYSCLK_DIV1;
 246              		.loc 1 135 3 is_stmt 1 view .LVU64
 135:Core/Src/main.c ****   RCC_ClkInitStruct.AHBCLKDivider = RCC_SYSCLK_DIV1;
 247              		.loc 1 135 34 is_stmt 0 view .LVU65
 248 0048 0221     		movs	r1, #2
 249 004a 0691     		str	r1, [sp, #24]
 136:Core/Src/main.c ****   RCC_ClkInitStruct.APB1CLKDivider = RCC_HCLK_DIV2;
 250              		.loc 1 136 3 is_stmt 1 view .LVU66
 136:Core/Src/main.c ****   RCC_ClkInitStruct.APB1CLKDivider = RCC_HCLK_DIV2;
 251              		.loc 1 136 35 is_stmt 0 view .LVU67
 252 004c 0023     		movs	r3, #0
 253 004e 0793     		str	r3, [sp, #28]
 137:Core/Src/main.c ****   RCC_ClkInitStruct.APB2CLKDivider = RCC_HCLK_DIV1;
 254              		.loc 1 137 3 is_stmt 1 view .LVU68
 137:Core/Src/main.c ****   RCC_ClkInitStruct.APB2CLKDivider = RCC_HCLK_DIV1;
 255              		.loc 1 137 36 is_stmt 0 view .LVU69
 256 0050 4FF48062 		mov	r2, #1024
 257 0054 0892     		str	r2, [sp, #32]
 138:Core/Src/main.c **** 
 258              		.loc 1 138 3 is_stmt 1 view .LVU70
 138:Core/Src/main.c **** 
 259              		.loc 1 138 36 is_stmt 0 view .LVU71
 260 0056 0993     		str	r3, [sp, #36]
 140:Core/Src/main.c ****   {
 261              		.loc 1 140 3 is_stmt 1 view .LVU72
ARM GAS  C:\Users\frepp\AppData\Local\Temp\cch0I3IO.s 			page 12


 140:Core/Src/main.c ****   {
 262              		.loc 1 140 7 is_stmt 0 view .LVU73
 263 0058 05A8     		add	r0, sp, #20
 264 005a FFF7FEFF 		bl	HAL_RCC_ClockConfig
 265              	.LVL4:
 140:Core/Src/main.c ****   {
 266              		.loc 1 140 6 view .LVU74
 267 005e 60B9     		cbnz	r0, .L13
 144:Core/Src/main.c ****   PeriphClkInit.UsbClockSelection = RCC_USBCLKSOURCE_PLL_DIV1_5;
 268              		.loc 1 144 3 is_stmt 1 view .LVU75
 144:Core/Src/main.c ****   PeriphClkInit.UsbClockSelection = RCC_USBCLKSOURCE_PLL_DIV1_5;
 269              		.loc 1 144 38 is_stmt 0 view .LVU76
 270 0060 1023     		movs	r3, #16
 271 0062 0193     		str	r3, [sp, #4]
 145:Core/Src/main.c ****   if (HAL_RCCEx_PeriphCLKConfig(&PeriphClkInit) != HAL_OK)
 272              		.loc 1 145 3 is_stmt 1 view .LVU77
 145:Core/Src/main.c ****   if (HAL_RCCEx_PeriphCLKConfig(&PeriphClkInit) != HAL_OK)
 273              		.loc 1 145 35 is_stmt 0 view .LVU78
 274 0064 0023     		movs	r3, #0
 275 0066 0493     		str	r3, [sp, #16]
 146:Core/Src/main.c ****   {
 276              		.loc 1 146 3 is_stmt 1 view .LVU79
 146:Core/Src/main.c ****   {
 277              		.loc 1 146 7 is_stmt 0 view .LVU80
 278 0068 01A8     		add	r0, sp, #4
 279 006a FFF7FEFF 		bl	HAL_RCCEx_PeriphCLKConfig
 280              	.LVL5:
 146:Core/Src/main.c ****   {
 281              		.loc 1 146 6 view .LVU81
 282 006e 30B9     		cbnz	r0, .L14
 150:Core/Src/main.c **** 
 283              		.loc 1 150 1 view .LVU82
 284 0070 15B0     		add	sp, sp, #84
 285              	.LCFI5:
 286              		.cfi_remember_state
 287              		.cfi_def_cfa_offset 4
 288              		@ sp needed
 289 0072 5DF804FB 		ldr	pc, [sp], #4
 290              	.L12:
 291              	.LCFI6:
 292              		.cfi_restore_state
 129:Core/Src/main.c ****   }
 293              		.loc 1 129 5 is_stmt 1 view .LVU83
 294 0076 FFF7FEFF 		bl	Error_Handler
 295              	.LVL6:
 296              	.L13:
 142:Core/Src/main.c ****   }
 297              		.loc 1 142 5 view .LVU84
 298 007a FFF7FEFF 		bl	Error_Handler
 299              	.LVL7:
 300              	.L14:
 148:Core/Src/main.c ****   }
 301              		.loc 1 148 5 view .LVU85
 302 007e FFF7FEFF 		bl	Error_Handler
 303              	.LVL8:
 304              		.cfi_endproc
 305              	.LFE69:
ARM GAS  C:\Users\frepp\AppData\Local\Temp\cch0I3IO.s 			page 13


 307              		.section	.text.main,"ax",%progbits
 308              		.align	1
 309              		.global	main
 310              		.syntax unified
 311              		.thumb
 312              		.thumb_func
 314              	main:
 315              	.LFB68:
  65:Core/Src/main.c ****   /* USER CODE BEGIN 1 */
 316              		.loc 1 65 1 view -0
 317              		.cfi_startproc
 318              		@ args = 0, pretend = 0, frame = 0
 319              		@ frame_needed = 0, uses_anonymous_args = 0
 320 0000 08B5     		push	{r3, lr}
 321              	.LCFI7:
 322              		.cfi_def_cfa_offset 8
 323              		.cfi_offset 3, -8
 324              		.cfi_offset 14, -4
  67:Core/Src/main.c ****   /* USER CODE END 1 */
 325              		.loc 1 67 3 view .LVU87
 326              	.LVL9:
  73:Core/Src/main.c **** 
 327              		.loc 1 73 3 view .LVU88
 328 0002 FFF7FEFF 		bl	HAL_Init
 329              	.LVL10:
  80:Core/Src/main.c **** 
 330              		.loc 1 80 3 view .LVU89
 331 0006 FFF7FEFF 		bl	SystemClock_Config
 332              	.LVL11:
  87:Core/Src/main.c ****   MX_USB_DEVICE_Init();
 333              		.loc 1 87 3 view .LVU90
 334 000a FFF7FEFF 		bl	MX_GPIO_Init
 335              	.LVL12:
  88:Core/Src/main.c ****   /* USER CODE BEGIN 2 */
 336              		.loc 1 88 3 view .LVU91
 337 000e FFF7FEFF 		bl	MX_USB_DEVICE_Init
 338              	.LVL13:
 339              	.L16:
  95:Core/Src/main.c ****   {
 340              		.loc 1 95 3 discriminator 1 view .LVU92
 101:Core/Src/main.c ****     HAL_Delay(500);
 341              		.loc 1 101 5 discriminator 1 view .LVU93
 342 0012 4FF40051 		mov	r1, #8192
 343 0016 0448     		ldr	r0, .L18
 344 0018 FFF7FEFF 		bl	HAL_GPIO_TogglePin
 345              	.LVL14:
 102:Core/Src/main.c ****   }
 346              		.loc 1 102 5 discriminator 1 view .LVU94
 347 001c 4FF4FA70 		mov	r0, #500
 348 0020 FFF7FEFF 		bl	HAL_Delay
 349              	.LVL15:
  95:Core/Src/main.c ****   {
 350              		.loc 1 95 9 discriminator 1 view .LVU95
 351 0024 F5E7     		b	.L16
 352              	.L19:
 353 0026 00BF     		.align	2
 354              	.L18:
ARM GAS  C:\Users\frepp\AppData\Local\Temp\cch0I3IO.s 			page 14


 355 0028 00100140 		.word	1073811456
 356              		.cfi_endproc
 357              	.LFE68:
 359              		.text
 360              	.Letext0:
 361              		.file 3 "p:\\sw\\tool\\gcc-arm-none-eabi-10.3-2021.10\\arm-none-eabi\\include\\machine\\_default_t
 362              		.file 4 "p:\\sw\\tool\\gcc-arm-none-eabi-10.3-2021.10\\arm-none-eabi\\include\\sys\\_stdint.h"
 363              		.file 5 "Drivers/CMSIS/Device/ST/STM32F1xx/Include/stm32f103xb.h"
 364              		.file 6 "Drivers/STM32F1xx_HAL_Driver/Inc/stm32f1xx_hal_rcc.h"
 365              		.file 7 "Drivers/STM32F1xx_HAL_Driver/Inc/stm32f1xx_hal_rcc_ex.h"
 366              		.file 8 "Drivers/STM32F1xx_HAL_Driver/Inc/stm32f1xx_hal_gpio.h"
 367              		.file 9 "Drivers/STM32F1xx_HAL_Driver/Inc/stm32f1xx_hal_def.h"
 368              		.file 10 "Drivers/STM32F1xx_HAL_Driver/Inc/stm32f1xx_hal.h"
 369              		.file 11 "USB_DEVICE/App/usb_device.h"
 370              		.file 12 "<built-in>"
ARM GAS  C:\Users\frepp\AppData\Local\Temp\cch0I3IO.s 			page 15


DEFINED SYMBOLS
                            *ABS*:00000000 main.c
C:\Users\frepp\AppData\Local\Temp\cch0I3IO.s:18     .text.MX_GPIO_Init:00000000 $t
C:\Users\frepp\AppData\Local\Temp\cch0I3IO.s:23     .text.MX_GPIO_Init:00000000 MX_GPIO_Init
C:\Users\frepp\AppData\Local\Temp\cch0I3IO.s:128    .text.MX_GPIO_Init:00000070 $d
C:\Users\frepp\AppData\Local\Temp\cch0I3IO.s:134    .text.Error_Handler:00000000 $t
C:\Users\frepp\AppData\Local\Temp\cch0I3IO.s:140    .text.Error_Handler:00000000 Error_Handler
C:\Users\frepp\AppData\Local\Temp\cch0I3IO.s:172    .text.SystemClock_Config:00000000 $t
C:\Users\frepp\AppData\Local\Temp\cch0I3IO.s:178    .text.SystemClock_Config:00000000 SystemClock_Config
C:\Users\frepp\AppData\Local\Temp\cch0I3IO.s:308    .text.main:00000000 $t
C:\Users\frepp\AppData\Local\Temp\cch0I3IO.s:314    .text.main:00000000 main
C:\Users\frepp\AppData\Local\Temp\cch0I3IO.s:355    .text.main:00000028 $d

UNDEFINED SYMBOLS
HAL_GPIO_WritePin
HAL_GPIO_Init
memset
HAL_RCC_OscConfig
HAL_RCC_ClockConfig
HAL_RCCEx_PeriphCLKConfig
HAL_Init
MX_USB_DEVICE_Init
HAL_GPIO_TogglePin
HAL_Delay
